2025-01-14 20:35:42.548 | INFO     | utils.utils_logger:<module>:38 - Logging to file: logs\project_log.log
2025-01-14 20:35:42.564 | INFO     | __main__:main:106 - START producer...
2025-01-14 20:35:42.564 | INFO     | __main__:main:107 - Hit CTRL c (or CMD c) to close.
2025-01-14 20:35:42.564 | INFO     | __main__:get_message_interval:53 - Messages will be sent every 3 seconds.
2025-01-14 20:35:42.568 | INFO     | __main__:main:114 - I just loved an app! It was amazing.
2025-01-14 20:35:45.569 | INFO     | __main__:main:114 - I just found a meme! It was amazing.
2025-01-14 20:35:48.570 | INFO     | __main__:main:114 - I just found an app! It was amazing.
2025-01-14 20:35:51.572 | INFO     | __main__:main:114 - I just loved a movie! It was boring.
2025-01-14 20:35:54.573 | INFO     | __main__:main:114 - I just shared a trick! It was boring.
2025-01-14 20:35:57.574 | INFO     | __main__:main:114 - I just found a trick! It was boring.
2025-01-14 20:36:00.575 | INFO     | __main__:main:114 - I just tried a trick! It was amazing.
2025-01-14 20:36:03.577 | INFO     | __main__:main:114 - I just found a trick! It was boring.
2025-01-14 20:36:06.578 | INFO     | __main__:main:114 - I just tried a movie! It was weird.
2025-01-14 20:36:09.579 | INFO     | __main__:main:114 - I just loved a story! It was weird.
2025-01-14 20:36:12.581 | INFO     | __main__:main:114 - I just shared a movie! It was exciting.
2025-01-14 20:36:15.583 | INFO     | __main__:main:114 - I just loved an app! It was funny.
2025-01-14 20:36:18.584 | INFO     | __main__:main:114 - I just saw a meme! It was amazing.
2025-01-14 20:36:21.585 | INFO     | __main__:main:114 - I just loved a story! It was exciting.
2025-01-14 20:36:24.586 | INFO     | __main__:main:114 - I just shared an app! It was weird.
2025-01-14 20:36:27.587 | INFO     | __main__:main:114 - I just saw a story! It was exciting.
2025-01-14 20:36:30.589 | INFO     | __main__:main:114 - I just shared a meme! It was funny.
2025-01-14 20:36:33.591 | INFO     | __main__:main:114 - I just tried a movie! It was funny.
2025-01-14 20:36:36.592 | INFO     | __main__:main:114 - I just loved a story! It was weird.
2025-01-14 20:36:39.594 | INFO     | __main__:main:114 - I just found a movie! It was amazing.
2025-01-14 20:36:42.595 | INFO     | __main__:main:114 - I just tried an app! It was amazing.
2025-01-14 20:36:45.596 | INFO     | __main__:main:114 - I just found a movie! It was exciting.
2025-01-14 20:36:48.597 | INFO     | __main__:main:114 - I just found a story! It was funny.
2025-01-14 20:36:51.599 | INFO     | __main__:main:114 - I just saw an app! It was exciting.
2025-01-14 20:36:54.600 | INFO     | __main__:main:114 - I just loved an app! It was weird.
2025-01-14 20:36:57.601 | INFO     | __main__:main:114 - I just found a meme! It was exciting.
2025-01-14 20:37:00.603 | INFO     | __main__:main:114 - I just tried an app! It was boring.
2025-01-14 20:37:03.604 | INFO     | __main__:main:114 - I just loved a movie! It was amazing.
2025-01-14 20:37:06.606 | INFO     | __main__:main:114 - I just tried a story! It was funny.
2025-01-14 20:37:09.608 | INFO     | __main__:main:114 - I just tried a story! It was funny.
2025-01-14 20:37:12.609 | INFO     | __main__:main:114 - I just loved a movie! It was funny.
2025-01-14 20:37:15.611 | INFO     | __main__:main:114 - I just found a story! It was funny.
2025-01-14 20:37:18.612 | INFO     | __main__:main:114 - I just tried a story! It was amazing.
2025-01-14 20:37:21.612 | INFO     | __main__:main:114 - I just loved a meme! It was weird.
2025-01-14 20:37:24.614 | INFO     | __main__:main:114 - I just saw a trick! It was amazing.
2025-01-14 20:37:27.616 | INFO     | __main__:main:114 - I just found a movie! It was amazing.
2025-01-14 20:37:30.617 | INFO     | __main__:main:114 - I just tried a movie! It was exciting.
2025-01-14 20:37:33.618 | INFO     | __main__:main:114 - I just found a trick! It was boring.
2025-01-14 20:37:36.620 | INFO     | __main__:main:114 - I just tried a trick! It was weird.
2025-01-14 20:37:39.621 | INFO     | __main__:main:114 - I just found a trick! It was boring.
2025-01-14 20:37:42.623 | INFO     | __main__:main:114 - I just tried a movie! It was exciting.
2025-01-14 20:37:45.624 | INFO     | __main__:main:114 - I just saw a meme! It was amazing.
2025-01-14 20:37:48.625 | INFO     | __main__:main:114 - I just found an app! It was exciting.
2025-01-14 20:37:51.628 | INFO     | __main__:main:114 - I just shared a movie! It was boring.
2025-01-14 20:37:54.629 | INFO     | __main__:main:114 - I just loved a meme! It was weird.
2025-01-14 20:37:57.632 | INFO     | __main__:main:114 - I just saw a meme! It was exciting.
2025-01-14 20:38:00.637 | INFO     | __main__:main:114 - I just found an app! It was boring.
2025-01-14 20:38:03.640 | INFO     | __main__:main:114 - I just loved a story! It was weird.
2025-01-14 20:38:06.650 | INFO     | __main__:main:114 - I just found a meme! It was exciting.
2025-01-14 20:38:09.652 | INFO     | __main__:main:114 - I just found a trick! It was boring.
2025-01-14 20:38:12.656 | INFO     | __main__:main:114 - I just tried a meme! It was funny.
2025-01-14 20:38:15.658 | INFO     | __main__:main:114 - I just saw a trick! It was weird.
2025-01-14 20:38:18.661 | INFO     | __main__:main:114 - I just found a movie! It was boring.
2025-01-14 20:38:21.663 | INFO     | __main__:main:114 - I just loved a story! It was weird.
2025-01-14 20:38:24.665 | INFO     | __main__:main:114 - I just shared an app! It was amazing.
2025-01-14 20:38:27.667 | INFO     | __main__:main:114 - I just loved a trick! It was funny.
2025-01-14 20:38:30.670 | INFO     | __main__:main:114 - I just saw a meme! It was boring.
2025-01-14 20:38:33.672 | INFO     | __main__:main:114 - I just saw an app! It was boring.
2025-01-14 20:38:36.674 | INFO     | __main__:main:114 - I just saw a meme! It was weird.
2025-01-14 20:38:39.676 | INFO     | __main__:main:114 - I just saw a movie! It was exciting.
2025-01-14 20:38:42.678 | INFO     | __main__:main:114 - I just tried a story! It was weird.
2025-01-14 20:38:45.680 | INFO     | __main__:main:114 - I just tried an app! It was weird.
2025-01-14 20:38:48.681 | INFO     | __main__:main:114 - I just loved an app! It was exciting.
2025-01-14 20:38:51.683 | INFO     | __main__:main:114 - I just shared an app! It was amazing.
2025-01-14 20:38:54.686 | INFO     | __main__:main:114 - I just found a trick! It was weird.
2025-01-14 20:38:57.688 | INFO     | __main__:main:114 - I just shared an app! It was weird.
2025-01-14 20:39:00.689 | INFO     | __main__:main:114 - I just loved a story! It was amazing.
2025-01-14 20:39:03.691 | INFO     | __main__:main:114 - I just tried a meme! It was amazing.
2025-01-14 20:39:06.692 | INFO     | __main__:main:114 - I just saw an app! It was weird.
2025-01-14 20:39:09.694 | INFO     | __main__:main:114 - I just found a story! It was boring.
2025-01-14 20:39:12.696 | INFO     | __main__:main:114 - I just found an app! It was funny.
2025-01-14 20:39:15.697 | INFO     | __main__:main:114 - I just saw an app! It was weird.
2025-01-14 20:39:18.700 | INFO     | __main__:main:114 - I just shared a trick! It was boring.
2025-01-14 20:39:21.701 | INFO     | __main__:main:114 - I just loved a movie! It was weird.
2025-01-14 20:39:24.703 | INFO     | __main__:main:114 - I just found a meme! It was funny.
2025-01-14 20:39:27.705 | INFO     | __main__:main:114 - I just loved a movie! It was funny.
2025-01-14 20:39:30.706 | INFO     | __main__:main:114 - I just tried a movie! It was amazing.
2025-01-14 20:39:33.708 | INFO     | __main__:main:114 - I just tried an app! It was funny.
2025-01-14 20:39:36.709 | INFO     | __main__:main:114 - I just loved an app! It was weird.
2025-01-14 20:39:39.711 | INFO     | __main__:main:114 - I just tried an app! It was amazing.
2025-01-14 20:39:42.712 | INFO     | __main__:main:114 - I just loved a trick! It was amazing.
2025-01-14 20:39:45.714 | INFO     | __main__:main:114 - I just found a movie! It was funny.
2025-01-14 20:39:48.716 | INFO     | __main__:main:114 - I just shared an app! It was boring.
2025-01-14 20:39:51.718 | INFO     | __main__:main:114 - I just tried a meme! It was exciting.
2025-01-14 20:39:54.720 | INFO     | __main__:main:114 - I just saw a trick! It was exciting.
2025-01-14 20:39:57.722 | INFO     | __main__:main:114 - I just loved an app! It was funny.
2025-01-14 20:40:00.724 | INFO     | __main__:main:114 - I just found an app! It was exciting.
2025-01-14 20:40:03.725 | INFO     | __main__:main:114 - I just tried a meme! It was exciting.
2025-01-14 20:40:06.727 | INFO     | __main__:main:114 - I just shared a story! It was amazing.
2025-01-14 20:40:06.975 | INFO     | utils.utils_logger:<module>:38 - Logging to file: logs\project_log.log
2025-01-14 20:40:06.975 | INFO     | __main__:main:68 - START...
2025-01-14 20:40:06.976 | INFO     | __main__:main:74 - Reading file located at logs\project_log.log.
2025-01-14 20:40:09.729 | INFO     | __main__:main:114 - I just found a movie! It was exciting.
2025-01-14 20:40:12.730 | INFO     | __main__:main:114 - I just shared a story! It was funny.
2025-01-14 20:40:15.732 | INFO     | __main__:main:114 - I just saw a trick! It was funny.
2025-01-14 20:40:18.733 | INFO     | __main__:main:114 - I just shared a story! It was amazing.
2025-01-14 20:40:21.734 | INFO     | __main__:main:114 - I just shared an app! It was boring.
2025-01-14 20:40:24.737 | INFO     | __main__:main:114 - I just saw an app! It was exciting.
2025-01-14 20:40:27.738 | INFO     | __main__:main:114 - I just saw a meme! It was amazing.
2025-01-14 20:40:30.739 | INFO     | __main__:main:114 - I just shared a meme! It was boring.
2025-01-14 20:40:33.740 | INFO     | __main__:main:114 - I just tried a story! It was boring.
2025-01-14 20:40:36.742 | INFO     | __main__:main:114 - I just loved a trick! It was funny.
2025-01-14 20:40:39.744 | INFO     | __main__:main:114 - I just loved a story! It was boring.
2025-01-14 20:40:42.746 | INFO     | __main__:main:114 - I just found a movie! It was weird.
2025-01-14 20:40:45.747 | INFO     | __main__:main:114 - I just tried an app! It was amazing.
2025-01-14 20:40:48.748 | INFO     | __main__:main:114 - I just loved a trick! It was exciting.
2025-01-14 20:40:51.750 | INFO     | __main__:main:114 - I just saw a story! It was funny.
2025-01-14 20:40:54.754 | INFO     | __main__:main:114 - I just loved a story! It was weird.
2025-01-14 20:40:57.755 | INFO     | __main__:main:114 - I just tried an app! It was funny.
2025-01-14 20:41:00.757 | INFO     | __main__:main:114 - I just shared a trick! It was amazing.
2025-01-14 20:41:03.758 | INFO     | __main__:main:114 - I just tried an app! It was weird.
2025-01-14 20:41:06.760 | INFO     | __main__:main:114 - I just saw an app! It was exciting.
2025-01-14 20:41:09.762 | INFO     | __main__:main:114 - I just loved a movie! It was amazing.
2025-01-14 20:41:12.763 | INFO     | __main__:main:114 - I just tried an app! It was boring.
2025-01-14 20:41:15.764 | INFO     | __main__:main:114 - I just shared a movie! It was funny.
2025-01-14 20:41:18.766 | INFO     | __main__:main:114 - I just found a movie! It was weird.
